Build started 4/6/2011 7:41:04 PM.
     1>Project "C:\My Dropbox\Programming\BigProjects\C++\GitRPG\git\git\git.vcxproj" on node 2 (build target(s)).
     1>InitializeBuildStatus:
         Creating "Release\git.unsuccessfulbuild" because "AlwaysCreate" was specified.
       ClCompile:
         C:\Program Files (x86)\Microsoft Visual Studio 10.0\VC\bin\CL.exe /c /Zi /nologo /W3 /WX- /O2 /Oi /Oy- /GL /D WIN32 /D NDEBUG /D _CONSOLE /D _UNICODE /D UNICODE /Gm- /EHsc /MD /GS /Gy /fp:precise /Zc:wchar_t /Zc:forScope /Yc"StdAfx.h" /Fp"Release\git.pch" /Fo"Release\\" /Fd"Release\vc100.pdb" /Gd /TP /analyze- /errorReport:prompt stdafx.cpp
         stdafx.cpp
         C:\Program Files (x86)\Microsoft Visual Studio 10.0\VC\bin\CL.exe /c /Zi /nologo /W3 /WX- /O2 /Oi /Oy- /GL /D WIN32 /D NDEBUG /D _CONSOLE /D _UNICODE /D UNICODE /Gm- /EHsc /MD /GS /Gy /fp:precise /Zc:wchar_t /Zc:forScope /Yu"StdAfx.h" /Fp"Release\git.pch" /Fo"Release\\" /Fd"Release\vc100.pdb" /Gd /TP /analyze- /errorReport:prompt git.cpp
         git.cpp
       Link:
         C:\Program Files (x86)\Microsoft Visual Studio 10.0\VC\bin\link.exe /ERRORREPORT:PROMPT /OUT:"C:\My Dropbox\Programming\BigProjects\C++\GitRPG\git\Release\git.exe" /INCREMENTAL:NO /NOLOGO kernel32.lib user32.lib gdi32.lib winspool.lib comdlg32.lib advapi32.lib shell32.lib ole32.lib oleaut32.lib uuid.lib odbc32.lib odbccp32.lib /MANIFEST /ManifestFile:"Release\git.exe.intermediate.manifest" /MANIFESTUAC:"level='asInvoker' uiAccess='false'" /DEBUG /PDB:"C:\My Dropbox\Programming\BigProjects\C++\GitRPG\git\Release\git.pdb" /SUBSYSTEM:CONSOLE /OPT:REF /OPT:ICF /LTCG /TLBID:1 /DYNAMICBASE /NXCOMPAT /IMPLIB:"C:\My Dropbox\Programming\BigProjects\C++\GitRPG\git\Release\git.lib" /MACHINE:X86 Release\git.obj
         Release\stdafx.obj
         Generating code
         Finished generating code
         git.vcxproj -> C:\My Dropbox\Programming\BigProjects\C++\GitRPG\git\Release\git.exe
       Manifest:
         C:\Program Files (x86)\Microsoft SDKs\Windows\v7.0A\bin\mt.exe /nologo /verbose /outputresource:"C:\My Dropbox\Programming\BigProjects\C++\GitRPG\git\Release\git.exe;#1" /manifest Release\git.exe.intermediate.manifest
       FinalizeBuildStatus:
         Deleting file "Release\git.unsuccessfulbuild".
         Touching "Release\git.lastbuildstate".
     1>Done Building Project "C:\My Dropbox\Programming\BigProjects\C++\GitRPG\git\git\git.vcxproj" (build target(s)).

Build succeeded.

Time Elapsed 00:00:06.63
